
R version 3.6.1 (2019-07-05) -- "Action of the Toes"
Copyright (C) 2019 The R Foundation for Statistical Computing
Platform: x86_64-pc-linux-gnu (64-bit)

R is free software and comes with ABSOLUTELY NO WARRANTY.
You are welcome to redistribute it under certain conditions.
Type 'license()' or 'licence()' for distribution details.

  Natural language support but running in an English locale

R is a collaborative project with many contributors.
Type 'contributors()' for more information and
'citation()' on how to cite R or R packages in publications.

Type 'demo()' for some demos, 'help()' for on-line help, or
'help.start()' for an HTML browser interface to help.
Type 'q()' to quit R.

[Previously saved workspace restored]

> A <- read.table("x.data", sep=",", col.names=c("year", "my1", "my2"))
> nrow(A)                                 # Count the rows in A
[1] 4
> mean(A$my1)								# Find the mean of column my1
[1] 3.275
> summary(A$year)                         # The column "year" in data frame A
   Min. 1st Qu.  Median    Mean 3rd Qu.    Max. 
   1997    1998    1998    1998    1999    2000 
> 
> proc.time()
   user  system elapsed 
  0.131   0.065   0.202 
